<?xml version="1.0" encoding="UTF-8"?>
<!-- Generated by org.testng.reporters.JUnitReportReporter -->
<testsuite hostname="Mamon" failures="0" tests="1" name="TestCase.TC001_Inventory_Management_system" time="23.186" errors="0" timestamp="2024-02-22T00:57:36 BDT" skipped="0">
  <testcase classname="TestCase.TC001_Inventory_Management_system" name="Inventory" time="23.186"/>
</testsuite> <!-- TestCase.TC001_Inventory_Management_system -->
